<?xml version="1.0" encoding="UTF-8"?>
<!-- Generated by org.testng.reporters.JUnitReportReporter -->
<testsuite hostname="NLPULTP7204778" failures="0" tests="3" name="groupingmethods.Grouping1" time="0.019" errors="0" timestamp="2025-04-29T16:17:14 IST" skipped="0">
  <testcase classname="groupingmethods.Grouping1" name="loginbymail" time="0.015"/>
  <testcase classname="groupingmethods.Grouping1" name="loginbyfacebook" time="0.002"/>
  <testcase classname="groupingmethods.Grouping1" name="loginbytwitter" time="0.002"/>
</testsuite> <!-- groupingmethods.Grouping1 -->
