<?xml version="1.0" encoding="UTF-8"?>
<!-- Generated by org.testng.reporters.JUnitReportReporter -->
<testsuite hostname="NLPULTP7204778" failures="0" tests="2" name="testngSessions.Allanotations" time="0.013" errors="0" timestamp="2025-04-24T18:21:26 IST" skipped="0">
  <testcase classname="testngSessions.Allanotations" name="testCase1" time="0.007"/>
  <testcase classname="testngSessions.Allanotations" name="testCase2" time="0.006"/>
</testsuite> <!-- testngSessions.Allanotations -->
