<?xml version="1.0" encoding="UTF-8"?>
<!-- Generated by org.testng.reporters.JUnitReportReporter -->
<testsuite hostname="NLPULTP7204778" failures="0" tests="2" name="groupingmethods.PaymentGrouping" time="0.016" errors="0" timestamp="2025-04-29T17:30:57 IST" skipped="0">
  <testcase classname="groupingmethods.PaymentGrouping" name="paymentincash" time="0.013"/>
  <testcase classname="groupingmethods.PaymentGrouping" name="paymentindebit" time="0.003"/>
</testsuite> <!-- groupingmethods.PaymentGrouping -->
