<?xml version="1.0" encoding="UTF-8"?>
<!-- Generated by org.testng.reporters.JUnitReportReporter -->
<testsuite hostname="NLPULTP7204778" failures="0" tests="3" name="groupingmethods.Logingrouping" time="0.026" errors="0" timestamp="2025-04-29T17:39:39 IST" skipped="0">
  <testcase classname="groupingmethods.Logingrouping" name="loginbymail" time="0.019"/>
  <testcase classname="groupingmethods.Logingrouping" name="loginbyfacebook" time="0.004"/>
  <testcase classname="groupingmethods.Logingrouping" name="loginbytwitter" time="0.003"/>
</testsuite> <!-- groupingmethods.Logingrouping -->
