<?xml version="1.0" encoding="UTF-8"?>
<!-- Generated by org.testng.reporters.JUnitReportReporter -->
<testsuite hostname="NLPULTP7204778" failures="0" tests="2" name="testngannot2.Suitetest1" time="0.002" errors="0" timestamp="2025-04-24T18:12:07 IST" skipped="0">
  <testcase classname="testngannot2.Suitetest1" name="class1" time="0.002"/>
  <testcase classname="testngannot2.Suitetest1" name="class1" time="0.000"/>
</testsuite> <!-- testngannot2.Suitetest1 -->
