<?xml version="1.0" encoding="UTF-8"?>
<!-- Generated by org.testng.reporters.JUnitReportReporter -->
<testsuite hostname="NLPULTP7204778" failures="0" tests="2" name="testngannot2.clas2anotations" time="0.007" errors="0" timestamp="2025-04-24T18:12:07 IST" skipped="0">
  <testcase classname="testngannot2.clas2anotations" name="abc" time="0.006"/>
  <testcase classname="testngannot2.clas2anotations" name="abc" time="0.001"/>
</testsuite> <!-- testngannot2.clas2anotations -->
