<?xml version="1.0" encoding="UTF-8"?>
<!-- Generated by org.testng.reporters.JUnitReportReporter -->
<testsuite hostname="NLPULTP7204778" failures="0" tests="2" name="testngSessions.FirstTest" time="0.003" errors="0" timestamp="2025-04-23T17:33:18 IST" skipped="0">
  <testcase classname="testngSessions.FirstTest" name="launchapp" time="0.001"/>
  <testcase classname="testngSessions.FirstTest" name="loginapp" time="0.002"/>
</testsuite> <!-- testngSessions.FirstTest -->
