<?xml version="1.0" encoding="UTF-8"?>
<!-- Generated by org.testng.reporters.JUnitReportReporter -->
<testsuite hostname="NLPULTP7204778" failures="0" tests="2" name="testngannotations.annotations2" time="0.021" errors="0" timestamp="2025-04-24T12:38:52 IST" skipped="0">
  <testcase classname="testngannotations.annotations2" name="Search" time="0.017"/>
  <testcase classname="testngannotations.annotations2" name="Advancedsearch" time="0.004"/>
</testsuite> <!-- testngannotations.annotations2 -->
