<?xml version="1.0" encoding="UTF-8"?>
<!-- Generated by org.testng.reporters.JUnitReportReporter -->
<testsuite hostname="NLPULTP7204778" failures="0" tests="3" name="groupingmethods.Signupgrouping" time="0.010" errors="0" timestamp="2025-04-29T17:39:39 IST" skipped="0">
  <testcase classname="groupingmethods.Signupgrouping" name="emailsignup" time="0.003"/>
  <testcase classname="groupingmethods.Signupgrouping" name="facebooksignup" time="0.003"/>
  <testcase classname="groupingmethods.Signupgrouping" name="twittersignup" time="0.004"/>
</testsuite> <!-- groupingmethods.Signupgrouping -->
