<?xml version="1.0" encoding="UTF-8"?>
<!-- Generated by org.testng.reporters.JUnitReportReporter -->
<testsuite hostname="NLPULTP7204778" failures="0" tests="2" name="testngannot2.clasanotations" time="0.003" errors="0" timestamp="2025-04-24T18:12:07 IST" skipped="0">
  <testcase classname="testngannot2.clasanotations" name="xyz" time="0.002"/>
  <testcase classname="testngannot2.clasanotations" name="xyz" time="0.001"/>
</testsuite> <!-- testngannot2.clasanotations -->
