<?xml version="1.0" encoding="UTF-8"?>
<!-- Generated by org.testng.reporters.JUnitReportReporter -->
<testsuite hostname="NLPULTP7204778" failures="0" tests="4" name="testngSessions.OrangaHRMTest" time="17.789" errors="0" timestamp="2025-04-23T17:33:18 IST" skipped="0">
  <testcase classname="testngSessions.OrangaHRMTest" name="openapp" time="12.076"/>
  <testcase classname="testngSessions.OrangaHRMTest" name="verifylogo" time="3.119"/>
  <testcase classname="testngSessions.OrangaHRMTest" name="login" time="2.594"/>
  <testcase classname="testngSessions.OrangaHRMTest" name="close" time="0.000"/>
</testsuite> <!-- testngSessions.OrangaHRMTest -->
