<?xml version="1.0" encoding="UTF-8"?>
<!-- Generated by org.testng.reporters.JUnitReportReporter -->
<testsuite hostname="NLPULTP7204778" failures="0" tests="2" name="testngannotations.annotations1" time="0.040" errors="0" timestamp="2025-04-24T12:21:08 IST" skipped="0">
  <testcase classname="testngannotations.annotations1" name="Search" time="0.037"/>
  <testcase classname="testngannotations.annotations1" name="Advancedsearch" time="0.003"/>
</testsuite> <!-- testngannotations.annotations1 -->
